<?xml version="1.0" encoding="UTF-8"?>
<!-- Generated by org.testng.reporters.JUnitReportReporter -->
<testsuite hostname="DESKTOP-IU606U2" failures="0" tests="17" name="shoppersStack.ShopperStack" time="18.863" errors="0" timestamp="2023-09-06T21:39:02 IST" skipped="2">
  <testcase classname="shoppersStack.ShopperStack" name="login" time="3.899"/>
  <system-out/>
  <testcase classname="shoppersStack.ShopperStack" name="viewProduct" time="1.950"/>
  <system-out/>
  <testcase classname="shoppersStack.ShopperStack" name="wishlist" time="1.121"/>
  <system-out/>
  <testcase classname="shoppersStack.ShopperStack" name="getProductFromWishlist" time="0.992"/>
  <system-out/>
  <testcase classname="shoppersStack.ShopperStack" name="deleteProductFromWishlist" time="0.968"/>
  <system-out/>
  <testcase classname="shoppersStack.ShopperStack" name="addProductToCart" time="0.937"/>
  <system-out/>
  <testcase classname="shoppersStack.ShopperStack" name="getProductFromCart" time="0.922"/>
  <system-out/>
  <testcase classname="shoppersStack.ShopperStack" name="updateProductInCart" time="0.997"/>
  <system-out/>
  <testcase classname="shoppersStack.ShopperStack" name="addAddressForTheProduct" time="0.996"/>
  <system-out/>
  <testcase classname="shoppersStack.ShopperStack" name="getAddress" time="0.996"/>
  <system-out/>
  <testcase classname="shoppersStack.ShopperStack" name="updateTheAddress" time="1.043"/>
  <system-out/>
  <testcase classname="shoppersStack.ShopperStack" name="placeOrderOfProduct" time="1.038"/>
  <system-out/>
  <testcase classname="shoppersStack.ShopperStack" name="getOrderedProduct" time="1.022"/>
  <system-out/>
  <testcase classname="shoppersStack.ShopperStack" name="udateTheOrderedProduct" time="1.029"/>
  <system-out/>
  <testcase classname="shoppersStack.ShopperStack" name="CancelOrder" time="0.953"/>
  <system-out/>
  <testcase classname="shoppersStack.ShopperStack" name="deleteProductFromCart">
    <skipped/>
  </testcase> <!-- deleteProductFromCart -->
  <system-out/>
  <testcase classname="shoppersStack.ShopperStack" name="deleteTheAddress">
    <skipped/>
  </testcase> <!-- deleteTheAddress -->
  <system-out/>
</testsuite> <!-- shoppersStack.ShopperStack -->
